INFO: [SIM 2] *************** CSIM start ***************
INFO: [SIM 4] CSIM will launch GCC as the compiler.
   Compiling ../../../../FIR_Lab/fir_test.cpp in debug mode
   Compiling ../../../../FIR_Lab/fir.cpp in debug mode
   Generating csim.exe
signal : 6749696
iteration : 0 Signal: 100  output : 5300
signal : 6749696
iteration : 1 Signal: -2  output : -106
signal : 6749696
iteration : 2 Signal: -100  output : -14400
signal : 6749696
iteration : 3 Signal: 13  output : 22171
signal : 6749696
iteration : 4 Signal: 97  output : 25015
signal : 6749696
iteration : 5 Signal: -36  output : -24615
signal : 6749696
iteration : 6 Signal: -86  output : 9484
signal : 6749696
iteration : 7 Signal: 66  output : 78265
signal : 6749696
iteration : 8 Signal: 59  output : 3149
signal : 6749696
iteration : 9 Signal: -93  output : -48342
signal : 6749696
iteration : 10 Signal: -10  output : 13462
signal : 6749696
iteration : 11 Signal: 98  output : 33217
signal : 6749696
iteration : 12 Signal: -52  output : 14947
signal : 6749696
iteration : 13 Signal: -61  output : -16246
signal : 6749696
iteration : 14 Signal: 97  output : -8775
signal : 6749696
iteration : 15 Signal: -17  output : 21236
signal : 6749696
iteration : 16 Signal: -81  output : 11908
signal : 6749696
iteration : 17 Signal: 90  output : -7279
signal : 6749696
iteration : 18 Signal: -6  output : -32501
signal : 6749696
iteration : 19 Signal: -82  output : 11220
signal : 6749696
iteration : 20 Signal: 92  output : 63017
signal : 6749696
iteration : 21 Signal: -21  output : -57591
signal : 6749696
iteration : 22 Signal: -66  output : -52505
signal : 6749696
iteration : 23 Signal: 100  output : 118613
signal : 6749696
iteration : 24 Signal: -59  output : -29954
signal : 6749696
iteration : 25 Signal: -22  output : -114771
signal : 6749696
iteration : 26 Signal: 86  output : 135566
signal : 6749696
iteration : 27 Signal: -97  output : -296
signal : 6749696
iteration : 28 Signal: 52  output : -139650
signal : 6749696
iteration : 29 Signal: 18  output : 135638
signal : 6749696
iteration : 30 Signal: -77  output : 367
signal : 6749696
iteration : 31 Signal: 100  output : -126845
signal : 6749696
iteration : 32 Signal: -81  output : 130338
signal : 6749696
iteration : 33 Signal: 32  output : -24743
signal : 6749696
iteration : 34 Signal: 25  output : -88041
signal : 6749696
iteration : 35 Signal: -72  output : 116502
signal : 6749696
iteration : 36 Signal: 97  output : -54697
signal : 6749696
iteration : 37 Signal: -97  output : -38072
signal : 6749696
iteration : 38 Signal: 75  output : 91775
signal : 6749696
iteration : 39 Signal: -40  output : -78785
signal : 6749696
iteration : 40 Signal: 0  output : 18302
signal : 6749696
iteration : 41 Signal: 37  output : 44560
signal : 6749696
iteration : 42 Signal: -66  output : -77734
signal : 6749696
iteration : 43 Signal: 87  output : 70409
signal : 6749696
iteration : 44 Signal: -97  output : -35540
signal : 6749696
iteration : 45 Signal: 100  output : -7200
signal : 6749696
iteration : 46 Signal: -97  output : 39280
signal : 6749696
iteration : 47 Signal: 90  output : -53842
signal : 6749696
iteration : 48 Signal: -81  output : 52179
signal : 6749696
iteration : 49 Signal: 72  output : -40000
signal : 6749696
iteration : 50 Signal: -63  output : 25572
signal : 6749696
iteration : 51 Signal: 57  output : -11422
signal : 6749696
iteration : 52 Signal: -52  output : 2774
signal : 6749696
iteration : 53 Signal: 50  output : 1695
signal : 6749696
iteration : 54 Signal: -51  output : -2069
signal : 6749696
iteration : 55 Signal: 54  output : 1459
signal : 6749696
iteration : 56 Signal: -59  output : 1140
signal : 6749696
iteration : 57 Signal: 66  output : -2223
signal : 6749696
iteration : 58 Signal: -75  output : 4526
signal : 6749696
iteration : 59 Signal: 84  output : -5124
signal : 6749696
iteration : 60 Signal: -92  output : 6861
signal : 6749696
iteration : 61 Signal: 98  output : -8637
signal : 6749696
iteration : 62 Signal: -100  output : 10497
signal : 6749696
iteration : 63 Signal: 95  output : -11920
signal : 6749696
iteration : 64 Signal: -81  output : 13625
signal : 6749696
iteration : 65 Signal: 58  output : -14636
signal : 6749696
iteration : 66 Signal: -25  output : 14282
signal : 6749696
iteration : 67 Signal: -13  output : -12397
signal : 6749696
iteration : 68 Signal: 52  output : 8968
signal : 6749696
iteration : 69 Signal: -84  output : -3584
signal : 6749696
iteration : 70 Signal: 100  output : -3659
signal : 6749696
iteration : 71 Signal: -92  output : 12167
signal : 6749696
iteration : 72 Signal: 59  output : -19436
signal : 6749696
iteration : 73 Signal: -6  output : 25590
signal : 6749696
iteration : 74 Signal: -51  output : -26977
signal : 6749696
iteration : 75 Signal: 91  output : 24226
signal : 6749696
iteration : 76 Signal: -97  output : -16486
signal : 6749696
iteration : 77 Signal: 61  output : 7159
signal : 6749696
iteration : 78 Signal: 6  output : 2286
signal : 6749696
iteration : 79 Signal: -72  output : -8079
signal : 6749696
iteration : 80 Signal: 100  output : 11819
signal : 6749696
iteration : 81 Signal: -70  output : -14212
signal : 6749696
iteration : 82 Signal: -6  output : 18316
signal : 6749696
iteration : 83 Signal: 79  output : -24294
signal : 6749696
iteration : 84 Signal: -97  output : 26407
signal : 6749696
iteration : 85 Signal: 41  output : -15146
signal : 6749696
iteration : 86 Signal: 51  output : -14190
signal : 6749696
iteration : 87 Signal: -100  output : 53576
signal : 6749696
iteration : 88 Signal: 59  output : -79375
signal : 6749696
iteration : 89 Signal: 40  output : 60257
signal : 6749696
iteration : 90 Signal: -100  output : 10229
signal : 6749696
iteration : 91 Signal: 54  output : -96818
signal : 6749696
iteration : 92 Signal: 52  output : 131446
signal : 6749696
iteration : 93 Signal: -99  output : -66783
signal : 6749696
iteration : 94 Signal: 25  output : -63459
signal : 6749696
iteration : 95 Signal: 82  output : 155846
signal : 6749696
iteration : 96 Signal: -81  output : -118589
signal : 6749696
iteration : 97 Signal: -32  output : -27156
signal : 6749696
iteration : 98 Signal: 100  output : 147257
signal : 6749696
iteration : 99 Signal: -18  output : -123521
signal : 6749696
iteration : 100 Signal: -92  output : -17016
signal : 6749696
iteration : 101 Signal: 54  output : 122748
signal : 6749696
iteration : 102 Signal: 75  output : -90757
signal : 6749696
iteration : 103 Signal: -75  output : -21099
signal : 6749696
iteration : 104 Signal: -59  output : 83391
signal : 6749696
iteration : 105 Signal: 85  output : -53108
signal : 6749696
iteration : 106 Signal: 51  output : -9320
signal : 6749696
iteration : 107 Signal: -87  output : 49931
signal : 6749696
iteration : 108 Signal: -52  output : -51719
signal : 6749696
iteration : 109 Signal: 82  output : 2770
signal : 6749696
iteration : 110 Signal: 63  output : 68602
signal : 6749696
iteration : 111 Signal: -70  output : -57978
signal : 6749696
iteration : 112 Signal: -81  output : -52130
signal : 6749696
iteration : 113 Signal: 44  output : 94042
signal : 6749696
iteration : 114 Signal: 97  output : 28032
signal : 6749696
iteration : 115 Signal: -3  output : -108795
signal : 6749696
iteration : 116 Signal: -97  output : -11476
signal : 6749696
iteration : 117 Signal: -50  output : 109569
signal : 6749696
iteration : 118 Signal: 66  output : 6803
signal : 6749696
iteration : 119 Signal: 93  output : -102370
signal : 6749696
iteration : 120 Signal: 0  output : -15020
signal : 6749696
iteration : 121 Signal: -92  output : 87240
signal : 6749696
iteration : 122 Signal: -75  output : 30307
signal : 6749696
iteration : 123 Signal: 26  output : -65765
signal : 6749696
iteration : 124 Signal: 97  output : -47523
signal : 6749696
iteration : 125 Signal: 69  output : 35493
signal : 6749696
iteration : 126 Signal: -25  output : 55910
signal : 6749696
iteration : 127 Signal: -95  output : 513
signal : 6749696
iteration : 128 Signal: -81  output : -46119
signal : 6749696
iteration : 129 Signal: -2  output : -34727
signal : 6749696
iteration : 130 Signal: 77  output : 11135
signal : 6749696
iteration : 131 Signal: 98  output : 43837
signal : 6749696
iteration : 132 Signal: 52  output : 33855
signal : 6749696
iteration : 133 Signal: -26  output : -9608
signal : 6749696
iteration : 134 Signal: -86  output : -47721
signal : 6749696
iteration : 135 Signal: -98  output : -46073
signal : 6749696
iteration : 136 Signal: -59  output : -3617
signal : 6749696
iteration : 137 Signal: 6  output : 47264
signal : 6749696
iteration : 138 Signal: 66  output : 63240
signal : 6749696
iteration : 139 Signal: 98  output : 29844
signal : 6749696
iteration : 140 Signal: 92  output : -27415
signal : 6749696
iteration : 141 Signal: 57  output : -68739
signal : 6749696
iteration : 142 Signal: 6  output : -67631
signal : 6749696
iteration : 143 Signal: -44  output : -27332
signal : 6749696
iteration : 144 Signal: -81  output : 26076
signal : 6749696
iteration : 145 Signal: -99  output : 65249
signal : 6749696
iteration : 146 Signal: -97  output : 75011
signal : 6749696
iteration : 147 Signal: -79  output : 55912
signal : 6749696
iteration : 148 Signal: -52  output : 21365
signal : 6749696
iteration : 149 Signal: -21  output : -16052
signal : 6749696
iteration : 150 Signal: 10  output : -46764
signal : 6749696
iteration : 151 Signal: 37  output : -66970
signal : 6749696
iteration : 152 Signal: 59  output : -77921
signal : 6749696
iteration : 153 Signal: 75  output : -79412
signal : 6749696
iteration : 154 Signal: 86  output : -73601
signal : 6749696
iteration : 155 Signal: 93  output : -61654
signal : 6749696
iteration : 156 Signal: 97  output : -42891
signal : 6749696
iteration : 157 Signal: 99  output : -18635
signal : 6749696
iteration : 158 Signal: 100  output : 10415
signal : 6749696
iteration : 159 Signal: 100  output : 42717
signal : 6749696
iteration : 160 Signal: 100  output : 74790
signal : 6749696
iteration : 161 Signal: 100  output : 105596
signal : 6749696
iteration : 162 Signal: 100  output : 133708
signal : 6749696
iteration : 163 Signal: 99  output : 157207
signal : 6749696
iteration : 164 Signal: 97  output : 176351
signal : 6749696
iteration : 165 Signal: 93  output : 191150
signal : 6749696
iteration : 166 Signal: 86  output : 201509
signal : 6749696
iteration : 167 Signal: 75  output : 208453
signal : 6749696
iteration : 168 Signal: 59  output : 212177
signal : 6749696
iteration : 169 Signal: 37  output : 212904
signal : 6749696
iteration : 170 Signal: 10  output : 210713
signal : 6749696
iteration : 171 Signal: -21  output : 204884
signal : 6749696
iteration : 172 Signal: -52  output : 194771
signal : 6749696
iteration : 173 Signal: -79  output : 179845
signal : 6749696
iteration : 174 Signal: -97  output : 158955
signal : 6749696
iteration : 175 Signal: -99  output : 131508
signal : 6749696
iteration : 176 Signal: -81  output : 97992
signal : 6749696
iteration : 177 Signal: -44  output : 59108
signal : 6749696
iteration : 178 Signal: 6  output : 17208
signal : 6749696
iteration : 179 Signal: 57  output : -23157
signal : 6749696
iteration : 180 Signal: 92  output : -57917
signal : 6749696
iteration : 181 Signal: 98  output : -82130
signal : 6749696
iteration : 182 Signal: 66  output : -90607
signal : 6749696
iteration : 183 Signal: 6  output : -81905
signal : 6749696
iteration : 184 Signal: -59  output : -56724
signal : 6749696
iteration : 185 Signal: -98  output : -21616
signal : 6749696
iteration : 186 Signal: -86  output : 12711
signal : 6749696
iteration : 187 Signal: -26  output : 36173
signal : 6749696
iteration : 188 Signal: 52  output : 40240
signal : 6749696
iteration : 189 Signal: 98  output : 22535
signal : 6749696
iteration : 190 Signal: 77  output : -7926
signal : 6749696
iteration : 191 Signal: -2  output : -35679
signal : 6749696
iteration : 192 Signal: -81  output : -44577
signal : 6749696
iteration : 193 Signal: -95  output : -26146
signal : 6749696
iteration : 194 Signal: -25  output : 10162
signal : 6749696
iteration : 195 Signal: 69  output : 44412
signal : 6749696
iteration : 196 Signal: 97  output : 53365
signal : 6749696
iteration : 197 Signal: 26  output : 27745
signal : 6749696
iteration : 198 Signal: -75  output : -17612
signal : 6749696
iteration : 199 Signal: -92  output : -53506
signal : 6749696
iteration : 200 Signal: 0  output : -52791
signal : 6749696
iteration : 201 Signal: 93  output : -13125
signal : 6749696
iteration : 202 Signal: 66  output : 36906
signal : 6749696
iteration : 203 Signal: -50  output : 58454
signal : 6749696
iteration : 204 Signal: -97  output : 30065
signal : 6749696
iteration : 205 Signal: -3  output : -28584
signal : 6749696
iteration : 206 Signal: 97  output : -61323
signal : 6749696
iteration : 207 Signal: 44  output : -30466
signal : 6749696
iteration : 208 Signal: -81  output : 36676
signal : 6749696
iteration : 209 Signal: -70  output : 62756
signal : 6749696
iteration : 210 Signal: 63  output : 6746
signal : 6749696
iteration : 211 Signal: 82  output : -61805
signal : 6749696
iteration : 212 Signal: -52  output : -41025
signal : 6749696
iteration : 213 Signal: -87  output : 44999
signal : 6749696
iteration : 214 Signal: 51  output : 59855
signal : 6749696
iteration : 215 Signal: 85  output : -28580
signal : 6749696
iteration : 216 Signal: -59  output : -71612
signal : 6749696
iteration : 217 Signal: -75  output : 16317
signal : 6749696
iteration : 218 Signal: 75  output : 78604
signal : 6749696
iteration : 219 Signal: 54  output : -11200
signal : 6749696
iteration : 220 Signal: -92  output : -83079
signal : 6749696
iteration : 221 Signal: -18  output : 10806
signal : 6749696
iteration : 222 Signal: 100  output : 81552
signal : 6749696
iteration : 223 Signal: -32  output : -14750
signal : 6749696
iteration : 224 Signal: -81  output : -72107
signal : 6749696
iteration : 225 Signal: 82  output : 20321
signal : 6749696
iteration : 226 Signal: 25  output : 54024
signal : 6749696
iteration : 227 Signal: -99  output : -20136
signal : 6749696
iteration : 228 Signal: 52  output : -30189
signal : 6749696
iteration : 229 Signal: 54  output : 6715
signal : 6749696
iteration : 230 Signal: -100  output : 15715
signal : 6749696
iteration : 231 Signal: 40  output : 21322
signal : 6749696
iteration : 232 Signal: 59  output : -28585
signal : 6749696
iteration : 233 Signal: -100  output : -40231
signal : 6749696
iteration : 234 Signal: 51  output : 74305
signal : 6749696
iteration : 235 Signal: 41  output : 11373
signal : 6749696
iteration : 236 Signal: -97  output : -112320
signal : 6749696
iteration : 237 Signal: 79  output : 74588
signal : 6749696
iteration : 238 Signal: -6  output : 72649
signal : 6749696
iteration : 239 Signal: -70  output : -148649
signal : 6749696
iteration : 240 Signal: 100  output : 55548
signal : 6749696
iteration : 241 Signal: -72  output : 104233
signal : 6749696
iteration : 242 Signal: 6  output : -155776
signal : 6749696
iteration : 243 Signal: 61  output : 52232
signal : 6749696
iteration : 244 Signal: -97  output : 94907
signal : 6749696
iteration : 245 Signal: 91  output : -145518
signal : 6749696
iteration : 246 Signal: -51  output : 66300
signal : 6749696
iteration : 247 Signal: -6  output : 57104
signal : 6749696
iteration : 248 Signal: 59  output : -119015
signal : 6749696
iteration : 249 Signal: -92  output : 82085
signal : 6749696
iteration : 250 Signal: 100  output : 9079
signal : 6749696
iteration : 251 Signal: -84  output : -80922
signal : 6749696
iteration : 252 Signal: 52  output : 89434
signal : 6749696
iteration : 253 Signal: -13  output : -41459
signal : 6749696
iteration : 254 Signal: -25  output : -25553
signal : 6749696
iteration : 255 Signal: 58  output : 71300
signal : 6749696
iteration : 256 Signal: -81  output : -76785
signal : 6749696
iteration : 257 Signal: 95  output : 49213
signal : 6749696
iteration : 258 Signal: -100  output : -6777
signal : 6749696
iteration : 259 Signal: 98  output : -30242
signal : 6749696
iteration : 260 Signal: -92  output : 51609
signal : 6749696
iteration : 261 Signal: 84  output : -54422
signal : 6749696
iteration : 262 Signal: -75  output : 45299
signal : 6749696
iteration : 263 Signal: 66  output : -29431
signal : 6749696
iteration : 264 Signal: -59  output : 15517
signal : 6749696
iteration : 265 Signal: 54  output : -5123
signal : 6749696
iteration : 266 Signal: -51  output : -340
signal : 6749696
iteration : 267 Signal: 50  output : 2281
signal : 6749696
iteration : 268 Signal: -52  output : -1613
signal : 6749696
iteration : 269 Signal: 57  output : 223
signal : 6749696
iteration : 270 Signal: -63  output : 1727
signal : 6749696
iteration : 271 Signal: 72  output : -3902
signal : 6749696
iteration : 272 Signal: -81  output : 5473
signal : 6749696
iteration : 273 Signal: 90  output : -6580
signal : 6749696
iteration : 274 Signal: -97  output : 7875
signal : 6749696
iteration : 275 Signal: 100  output : -9487
signal : 6749696
iteration : 276 Signal: -97  output : 11624
signal : 6749696
iteration : 277 Signal: 87  output : -12443
signal : 6749696
iteration : 278 Signal: -66  output : 14291
signal : 6749696
iteration : 279 Signal: 37  output : -14502
signal : 6749696
iteration : 280 Signal: 0  output : 13970
signal : 6749696
iteration : 281 Signal: -40  output : -10597
signal : 6749696
iteration : 282 Signal: 75  output : 5901
signal : 6749696
iteration : 283 Signal: -97  output : 1724
signal : 6749696
iteration : 284 Signal: 97  output : -9092
signal : 6749696
iteration : 285 Signal: -72  output : 18195
signal : 6749696
iteration : 286 Signal: 25  output : -23726
signal : 6749696
iteration : 287 Signal: 32  output : 26786
signal : 6749696
iteration : 288 Signal: -81  output : -25295
signal : 6749696
iteration : 289 Signal: 100  output : 19500
signal : 6749696
iteration : 290 Signal: -77  output : -10501
signal : 6749696
iteration : 291 Signal: 18  output : 782
signal : 6749696
iteration : 292 Signal: 52  output : 6752
signal : 6749696
iteration : 293 Signal: -97  output : -11162
signal : 6749696
iteration : 294 Signal: 86  output : 13322
signal : 6749696
iteration : 295 Signal: -22  output : -16876
signal : 6749696
iteration : 296 Signal: -59  output : 21714
signal : 6749696
iteration : 297 Signal: 100  output : -26175
signal : 6749696
iteration : 298 Signal: -66  output : 21032
signal : 6749696
iteration : 299 Signal: -21  output : 1467
signal : 6749696
iteration : 300 Signal: 92  output : -40907
signal : 6749696
iteration : 301 Signal: -82  output : 74388
signal : 6749696
iteration : 302 Signal: -6  output : -73123
signal : 6749696
iteration : 303 Signal: 90  output : 17232
signal : 6749696
iteration : 304 Signal: -81  output : 70527
signal : 6749696
iteration : 305 Signal: -17  output : -129291
signal : 6749696
iteration : 306 Signal: 97  output : 99059
signal : 6749696
iteration : 307 Signal: -61  output : 18123
signal : 6749696
iteration : 308 Signal: -52  output : -136637
signal : 6749696
iteration : 309 Signal: 98  output : 147150
signal : 6749696
iteration : 310 Signal: -10  output : -26247
signal : 6749696
iteration : 311 Signal: -93  output : -119690
signal : 6749696
iteration : 312 Signal: 59  output : 149193
signal : 6749696
iteration : 313 Signal: 66  output : -33758
signal : 6749696
iteration : 314 Signal: -86  output : -100654
signal : 6749696
iteration : 315 Signal: -36  output : 116214
signal : 6749696
iteration : 316 Signal: 97  output : -16326
signal : 6749696
iteration : 317 Signal: 13  output : -73352
signal : 6749696
iteration : 318 Signal: -100  output : 71014
signal : 6749696
iteration : 319 Signal: -2  output : -10815
signal : 6749696
iteration : 320 Signal: 100  output : -40001
signal : 6749696
iteration : 321 Signal: 2  output : 56664
signal : 6749696
iteration : 322 Signal: -100  output : -24969
signal : 6749696
iteration : 323 Signal: -13  output : -48603
signal : 6749696
iteration : 324 Signal: 97  output : 76230
signal : 6749696
iteration : 325 Signal: 36  output : 12177
signal : 6749696
iteration : 326 Signal: -86  output : -100161
signal : 6749696
iteration : 327 Signal: -66  output : 23069
signal : 6749696
iteration : 328 Signal: 59  output : 103593
signal : 6749696
iteration : 329 Signal: 93  output : -44034
signal : 6749696
iteration : 330 Signal: -10  output : -99194
signal : 6749696
iteration : 331 Signal: -98  output : 47619
signal : 6749696
iteration : 332 Signal: -52  output : 93950
signal : 6749696
iteration : 333 Signal: 61  output : -36945
signal : 6749696
iteration : 334 Signal: 97  output : -88289
signal : 6749696
iteration : 335 Signal: 17  output : 16511
signal : 6749696
iteration : 336 Signal: -81  output : 79160
signal : 6749696
iteration : 337 Signal: -90  output : 10281
signal : 6749696
iteration : 338 Signal: -6  output : -61531
signal : 6749696
iteration : 339 Signal: 82  output : -35802
signal : 6749696
iteration : 340 Signal: 92  output : 32305
signal : 6749696
iteration : 341 Signal: 21  output : 49813
signal : 6749696
iteration : 342 Signal: -66  output : 7581
signal : 6749696
iteration : 343 Signal: -100  output : -37649
signal : 6749696
iteration : 344 Signal: -59  output : -41238
signal : 6749696
iteration : 345 Signal: 22  output : -4703
signal : 6749696
iteration : 346 Signal: 86  output : 37258
signal : 6749696
iteration : 347 Signal: 97  output : 47416
signal : 6749696
iteration : 348 Signal: 52  output : 14456
signal : 6749696
iteration : 349 Signal: -18  output : -36132
signal : 6749696
iteration : 350 Signal: -77  output : -60549
signal : 6749696
iteration : 351 Signal: -100  output : -36423
signal : 6749696
iteration : 352 Signal: -81  output : 18814
signal : 6749696
iteration : 353 Signal: -32  output : 64005
signal : 6749696
iteration : 354 Signal: 25  output : 66043
signal : 6749696
iteration : 355 Signal: 72  output : 24250
signal : 6749696
iteration : 356 Signal: 97  output : -31389
signal : 6749696
iteration : 357 Signal: 97  output : -69438
signal : 6749696
iteration : 358 Signal: 75  output : -72897
signal : 6749696
iteration : 359 Signal: 40  output : -43481
signal : 6749696
iteration : 360 Signal: 0  output : 272
signal : 6749696
iteration : 361 Signal: -37  output : 40272
signal : 6749696
iteration : 362 Signal: -66  output : 66192
signal : 6749696
iteration : 363 Signal: -87  output : 73883
signal : 6749696
iteration : 364 Signal: -97  output : 67672
signal : 6749696
iteration : 365 Signal: -100  output : 52590
signal : 6749696
iteration : 366 Signal: -97  output : 30512
signal : 6749696
iteration : 367 Signal: -90  output : 5124
signal : 6749696
iteration : 368 Signal: -81  output : -21867
signal : 6749696
iteration : 369 Signal: -72  output : -50580
signal : 6749696
iteration : 370 Signal: -63  output : -79314
signal : 6749696
iteration : 371 Signal: -57  output : -105228
signal : 6749696
iteration : 372 Signal: -52  output : -128008
signal : 6749696
iteration : 373 Signal: -50  output : -144947
signal : 6749696
iteration : 374 Signal: -51  output : -155731
signal : 6749696
iteration : 375 Signal: -54  output : -161329
signal : 6749696
iteration : 376 Signal: -59  output : -160742
signal : 6749696
iteration : 377 Signal: -66  output : -156871
signal : 6749696
iteration : 378 Signal: -75  output : -151898
signal : 6749696
iteration : 379 Signal: -84  output : -145416
signal : 6749696
iteration : 380 Signal: -92  output : -140599
signal : 6749696
iteration : 381 Signal: -98  output : -138467
signal : 6749696
iteration : 382 Signal: -100  output : -138353
signal : 6749696
iteration : 383 Signal: -95  output : -141786
signal : 6749696
iteration : 384 Signal: -81  output : -147519
signal : 6749696
iteration : 385 Signal: -58  output : -155312
signal : 6749696
iteration : 386 Signal: -25  output : -164254
signal : 6749696
iteration : 387 Signal: 13  output : -171407
signal : 6749696
iteration : 388 Signal: 52  output : -175238
signal : 6749696
iteration : 389 Signal: 84  output : -173470
signal : 6749696
iteration : 390 Signal: 100  output : -163885
signal : 6749696
iteration : 391 Signal: 92  output : -144523
signal : 6749696
iteration : 392 Signal: 59  output : -114774
signal : 6749696
iteration : 393 Signal: 6  output : -76708
signal : 6749696
iteration : 394 Signal: -51  output : -34375
signal : 6749696
iteration : 395 Signal: -91  output : 8058
signal : 6749696
iteration : 396 Signal: -97  output : 42704
signal : 6749696
iteration : 397 Signal: -61  output : 62361
signal : 6749696
iteration : 398 Signal: 6  output : 64104
signal : 6749696
iteration : 399 Signal: 72  output : 46387
signal : 6749696
iteration : 400 Signal: 100  output : 15119
signal : 6749696
iteration : 401 Signal: 70  output : -16406
signal : 6749696
iteration : 402 Signal: -6  output : -36306
signal : 6749696
iteration : 403 Signal: -79  output : -35668
signal : 6749696
iteration : 404 Signal: -97  output : -12613
signal : 6749696
iteration : 405 Signal: -41  output : 20286
signal : 6749696
iteration : 406 Signal: 51  output : 44836
signal : 6749696
iteration : 407 Signal: 100  output : 45246
signal : 6749696
iteration : 408 Signal: 59  output : 16345
signal : 6749696
iteration : 409 Signal: -40  output : -25687
signal : 6749696
iteration : 410 Signal: -100  output : -53513
signal : 6749696
iteration : 411 Signal: -54  output : -48444
signal : 6749696
iteration : 412 Signal: 52  output : -10412
signal : 6749696
iteration : 413 Signal: 99  output : 36963
signal : 6749696
iteration : 414 Signal: 25  output : 58423
signal : 6749696
iteration : 415 Signal: -82  output : 36394
signal : 6749696
iteration : 416 Signal: -81  output : -15637
signal : 6749696
iteration : 417 Signal: 32  output : -56498
signal : 6749696
iteration : 418 Signal: 100  output : -47109
signal : 6749696
iteration : 419 Signal: 18  output : 8047
signal : 6749696
iteration : 420 Signal: -92  output : 57804
signal : 6749696
iteration : 421 Signal: -54  output : 45184
signal : 6749696
iteration : 422 Signal: 75  output : -23225
signal : 6749696
iteration : 423 Signal: 75  output : -65255
signal : 6749696
iteration : 424 Signal: -59  output : -20203
signal : 6749696
iteration : 425 Signal: -85  output : 56464
signal : 6749696
iteration : 426 Signal: 51  output : 49062
signal : 6749696
iteration : 427 Signal: 87  output : -38971
signal : 6749696
iteration : 428 Signal: -52  output : -64683
signal : 6749696
iteration : 429 Signal: -82  output : 24350
signal : 6749696
iteration : 430 Signal: 63  output : 74234
signal : 6749696
iteration : 431 Signal: 70  output : -14736
signal : 6749696
iteration : 432 Signal: -81  output : -80328
signal : 6749696
iteration : 433 Signal: -44  output : 10554
signal : 6749696
iteration : 434 Signal: 97  output : 83436
signal : 6749696
iteration : 435 Signal: 3  output : -10839
signal : 6749696
iteration : 436 Signal: -97  output : -79368
signal : 6749696
iteration : 437 Signal: 50  output : 16613
signal : 6749696
iteration : 438 Signal: 66  output : 67693
signal : 6749696
iteration : 439 Signal: -93  output : -21634
signal : 6749696
iteration : 440 Signal: 0  output : -45836
signal : 6749696
iteration : 441 Signal: 92  output : 18368
signal : 6749696
iteration : 442 Signal: -75  output : 23337
signal : 6749696
iteration : 443 Signal: -26  output : 2395
signal : 6749696
iteration : 444 Signal: 97  output : -15611
signal : 6749696
iteration : 445 Signal: -69  output : -30917
signal : 6749696
iteration : 446 Signal: -25  output : 41332
signal : 6749696
iteration : 447 Signal: 95  output : 37607
signal : 6749696
iteration : 448 Signal: -81  output : -91115
signal : 6749696
iteration : 449 Signal: 2  output : 12529
signal : 6749696
iteration : 450 Signal: 77  output : 110009
signal : 6749696
iteration : 451 Signal: -98  output : -106669
signal : 6749696
iteration : 452 Signal: 52  output : -36559
signal : 6749696
iteration : 453 Signal: 26  output : 150752
signal : 6749696
iteration : 454 Signal: -86  output : -100249
signal : 6749696
iteration : 455 Signal: 98  output : -58091
signal : 6749696
iteration : 456 Signal: -59  output : 156005
signal : 6749696
iteration : 457 Signal: -6  output : -100006
signal : 6749696
iteration : 458 Signal: 66  output : -42070
signal : 6749696
iteration : 459 Signal: -98  output : 134338
signal : 6749696
iteration : 460 Signal: 92  output : -104145
signal : 6749696
iteration : 461 Signal: -57  output : -3911
signal : 6749696
iteration : 462 Signal: 6  output : 94761
signal : 6749696
iteration : 463 Signal: 44  output : -101932
signal : 6749696
iteration : 464 Signal: -81  output : 36372
signal : 6749696
iteration : 465 Signal: 99  output : 44969
signal : 6749696
iteration : 466 Signal: -97  output : -87549
signal : 6749696
iteration : 467 Signal: 79  output : 72174
signal : 6749696
iteration : 468 Signal: -52  output : -19605
signal : 6749696
iteration : 469 Signal: 21  output : -36990
signal : 6749696
iteration : 470 Signal: 10  output : 69660
signal : 6749696
iteration : 471 Signal: -37  output : -70452
signal : 6749696
iteration : 472 Signal: 59  output : 46351
signal : 6749696
iteration : 473 Signal: -75  output : -13072
signal : 6749696
iteration : 474 Signal: 86  output : -16653
signal : 6749696
iteration : 475 Signal: -93  output : 34388
signal : 6749696
iteration : 476 Signal: 97  output : -40251
signal : 6749696
iteration : 477 Signal: -99  output : 37385
signal : 6749696
iteration : 478 Signal: 100  output : -29517
signal : 6749696
iteration : 479 Signal: -100  output : 21531
signal : 6749696
iteration : 480 Signal: 100  output : -15402
signal : 6749696
iteration : 481 Signal: -100  output : 12138
signal : 6749696
iteration : 482 Signal: 100  output : -10672
signal : 6749696
iteration : 483 Signal: -99  output : 10593
signal : 6749696
iteration : 484 Signal: 97  output : -11049
signal : 6749696
iteration : 485 Signal: -93  output : 12244
signal : 6749696
iteration : 486 Signal: 86  output : -12697
signal : 6749696
iteration : 487 Signal: -75  output : 12929
signal : 6749696
iteration : 488 Signal: 59  output : -12239
signal : 6749696
iteration : 489 Signal: -37  output : 11230
signal : 6749696
iteration : 490 Signal: 10  output : -9205
signal : 6749696
iteration : 491 Signal: 21  output : 6720
signal : 6749696
iteration : 492 Signal: -52  output : -2813
signal : 6749696
iteration : 493 Signal: 79  output : -2117
signal : 6749696
iteration : 494 Signal: -97  output : 8119
signal : 6749696
iteration : 495 Signal: 99  output : -14078
signal : 6749696
iteration : 496 Signal: -81  output : 20222
signal : 6749696
iteration : 497 Signal: 44  output : -24748
signal : 6749696
iteration : 498 Signal: 6  output : 27096
signal : 6749696
iteration : 499 Signal: -57  output : -25305
signal : 6749696
iteration : 500 Signal: 92  output : 19507
signal : 6749696
iteration : 501 Signal: -98  output : -10504
signal : 6749696
iteration : 502 Signal: 66  output : -281
signal : 6749696
iteration : 503 Signal: -6  output : 10121
signal : 6749696
iteration : 504 Signal: -59  output : -16388
signal : 6749696
iteration : 505 Signal: 98  output : 18202
signal : 6749696
iteration : 506 Signal: -86  output : -17439
signal : 6749696
iteration : 507 Signal: 26  output : 14819
signal : 6749696
iteration : 508 Signal: 52  output : -14070
signal : 6749696
iteration : 509 Signal: -98  output : 12071
signal : 6749696
iteration : 510 Signal: 77  output : -6228
signal : 6749696
iteration : 511 Signal: 2  output : -9649
signal : 6749696
iteration : 512 Signal: -81  output : 35281
signal : 6749696
iteration : 513 Signal: 95  output : -57500
signal : 6749696
iteration : 514 Signal: -25  output : 55764
signal : 6749696
iteration : 515 Signal: -69  output : -13516
signal : 6749696
iteration : 516 Signal: 97  output : -56699
signal : 6749696
iteration : 517 Signal: -26  output : 111381
signal : 6749696
iteration : 518 Signal: -75  output : -97006
signal : 6749696
iteration : 519 Signal: 92  output : 3620
signal : 6749696
iteration : 520 Signal: 0  output : 112661
signal : 6749696
iteration : 521 Signal: -93  output : -151643
signal : 6749696
iteration : 522 Signal: 66  output : 64644
signal : 6749696
iteration : 523 Signal: 50  output : 85842
signal : 6749696
iteration : 524 Signal: -97  output : -162117
signal : 6749696
iteration : 525 Signal: 3  output : 85710
signal : 6749696
iteration : 526 Signal: 97  output : 67347
signal : 6749696
iteration : 527 Signal: -44  output : -140180
signal : 6749696
iteration : 528 Signal: -81  output : 66384
signal : 6749696
iteration : 529 Signal: 70  output : 57308
signal : 6749696
iteration : 530 Signal: 63  output : -97444
signal : 6749696
iteration : 531 Signal: -82  output : 36887
signal : 6749696
iteration : 532 Signal: -52  output : 36303
signal : 6749696
iteration : 533 Signal: 87  output : -58499
signal : 6749696
iteration : 534 Signal: 51  output : 36025
signal : 6749696
iteration : 535 Signal: -85  output : 17454
signal : 6749696
iteration : 536 Signal: -59  output : -67602
signal : 6749696
iteration : 537 Signal: 75  output : 41365
signal : 6749696
iteration : 538 Signal: 75  output : 60448
signal : 6749696
iteration : 539 Signal: -54  output : -84488
signal : 6749696
iteration : 540 Signal: -92  output : -35423
signal : 6749696
iteration : 541 Signal: 18  output : 106502
signal : 6749696
iteration : 542 Signal: 100  output : 14844
signal : 6749696
iteration : 543 Signal: 32  output : -110412
signal : 6749696
iteration : 544 Signal: -81  output : -6655
signal : 6749696
iteration : 545 Signal: -82  output : 105243
signal : 6749696
iteration : 546 Signal: 25  output : 12004
signal : 6749696
iteration : 547 Signal: 99  output : -92700
signal : 6749696
iteration : 548 Signal: 52  output : -25189
signal : 6749696
iteration : 549 Signal: -54  output : 74083
signal : 6749696
iteration : 550 Signal: -100  output : 41941
signal : 6749696
iteration : 551 Signal: -40  output : -47042
signal : 6749696
iteration : 552 Signal: 59  output : -54413
signal : 6749696
iteration : 553 Signal: 100  output : 11413
signal : 6749696
iteration : 554 Signal: 51  output : 51655
signal : 6749696
iteration : 555 Signal: -41  output : 24911
signal : 6749696
iteration : 556 Signal: -97  output : -25726
signal : 6749696
iteration : 557 Signal: -79  output : -45516
signal : 6749696
iteration : 558 Signal: -6  output : -19883
signal : 6749696
iteration : 559 Signal: 70  output : 25357
signal : 6749696
iteration : 560 Signal: 100  output : 49526
signal : 6749696
iteration : 561 Signal: 72  output : 29737
signal : 6749696
iteration : 562 Signal: 6  output : -20178
signal : 6749696
iteration : 563 Signal: -61  output : -57442
signal : 6749696
iteration : 564 Signal: -97  output : -49109
signal : 6749696
iteration : 565 Signal: -91  output : 6
signal : 6749696
iteration : 566 Signal: -51  output : 53110
signal : 6749696
iteration : 567 Signal: 6  output : 70606
signal : 6749696
iteration : 568 Signal: 59  output : 42297
signal : 6749696
iteration : 569 Signal: 92  output : -12931
signal : 6749696
iteration : 570 Signal: 100  output : -60899
signal : 6749696
iteration : 571 Signal: 84  output : -75392
signal : 6749696
iteration : 572 Signal: 52  output : -55656
signal : 6749696
iteration : 573 Signal: 13  output : -14857
signal : 6749696
iteration : 574 Signal: -25  output : 28565
signal : 6749696
iteration : 575 Signal: -58  output : 59272
signal : 6749696
iteration : 576 Signal: -81  output : 73403
signal : 6749696
iteration : 577 Signal: -95  output : 71909
signal : 6749696
iteration : 578 Signal: -100  output : 57725
signal : 6749696
iteration : 579 Signal: -98  output : 37784
signal : 6749696
iteration : 580 Signal: -92  output : 14115
signal : 6749696
iteration : 581 Signal: -84  output : -13098
signal : 6749696
iteration : 582 Signal: -75  output : -41281
signal : 6749696
iteration : 583 Signal: -66  output : -69659
signal : 6749696
iteration : 584 Signal: -59  output : -97441
signal : 6749696
iteration : 585 Signal: -54  output : -121121
signal : 6749696
iteration : 586 Signal: -51  output : -139530
signal : 6749696
iteration : 587 Signal: -50  output : -152921
signal : 6749696
iteration : 588 Signal: -52  output : -159825
signal : 6749696
iteration : 589 Signal: -57  output : -161455
signal : 6749696
iteration : 590 Signal: -63  output : -158995
signal : 6749696
iteration : 591 Signal: -72  output : -153612
signal : 6749696
iteration : 592 Signal: -81  output : -147751
signal : 6749696
iteration : 593 Signal: -90  output : -142400
signal : 6749696
iteration : 594 Signal: -97  output : -138647
signal : 6749696
iteration : 595 Signal: -100  output : -137599
signal : 6749696
iteration : 596 Signal: -97  output : -139936
signal : 6749696
iteration : 597 Signal: -87  output : -145355
signal : 6749696
iteration : 598 Signal: -66  output : -152919
signal : 6749696
iteration : 599 Signal: -37  output : -161078
Comparing against output data 
*******************************************
PASS: The output matches the golden output!
*******************************************
INFO: [SIM 1] CSim done with 0 errors.
INFO: [SIM 3] *************** CSIM finish ***************
