#-----------------------------------------------------------
# xsim v2020.2 (64-bit)
# SW Build 3064766 on Wed Nov 18 09:12:45 MST 2020
# IP Build 3064653 on Wed Nov 18 14:17:31 MST 2020
# Start of session at: Fri Feb 21 11:30:03 2025
# Process ID: 5304
# Current directory: E:/Tapped_FIR/Tapped_fir/solution1/sim/verilog
# Command line: xsim.exe -mode tcl -source {xsim.dir/fir/xsim_script.tcl}
# Log file: E:/Tapped_FIR/Tapped_fir/solution1/sim/verilog/xsim.log
# Journal file: E:/Tapped_FIR/Tapped_fir/solution1/sim/verilog\xsim.jou
#-----------------------------------------------------------
source xsim.dir/fir/xsim_script.tcl
# xsim {fir} -view {{fir_dataflow_ana.wcfg}} -tclbatch {fir.tcl} -protoinst {fir.protoinst}
Vivado Simulator 2020.2
INFO: [Wavedata 42-565] Reading protoinst file fir.protoinst
INFO: [Wavedata 42-564]   Found protocol instance at /apatb_fir_top/AESL_inst_fir//AESL_inst_fir_activity
Time resolution is 1 ps
open_wave_config fir_dataflow_ana.wcfg
source fir.tcl
## log_wave -r /
WARNING: [Simtcl 6-197] One or more HDL objects could not be logged because of object type or size limitations.  To see details please rerun the command with -verbose (-v).
## set designtopgroup [add_wave_group "Design Top Signals"]
## set coutputgroup [add_wave_group "C Outputs" -into $designtopgroup]
## set y_group [add_wave_group y(wire) -into $coutputgroup]
## add_wave /apatb_fir_top/AESL_inst_fir/y_ap_vld -into $y_group -color #ffff00 -radix hex
## add_wave /apatb_fir_top/AESL_inst_fir/y -into $y_group -radix hex
## set cinputgroup [add_wave_group "C Inputs" -into $designtopgroup]
## set x_group [add_wave_group x(wire) -into $cinputgroup]
## add_wave /apatb_fir_top/AESL_inst_fir/x -into $x_group -radix hex
## set blocksiggroup [add_wave_group "Block-level IO Handshake" -into $designtopgroup]
## add_wave /apatb_fir_top/AESL_inst_fir/ap_start -into $blocksiggroup
## add_wave /apatb_fir_top/AESL_inst_fir/ap_done -into $blocksiggroup
## add_wave /apatb_fir_top/AESL_inst_fir/ap_idle -into $blocksiggroup
## add_wave /apatb_fir_top/AESL_inst_fir/ap_ready -into $blocksiggroup
## set resetgroup [add_wave_group "Reset" -into $designtopgroup]
## add_wave /apatb_fir_top/AESL_inst_fir/ap_rst -into $resetgroup
## set clockgroup [add_wave_group "Clock" -into $designtopgroup]
## add_wave /apatb_fir_top/AESL_inst_fir/ap_clk -into $clockgroup
## set testbenchgroup [add_wave_group "Test Bench Signals"]
## set tbinternalsiggroup [add_wave_group "Internal Signals" -into $testbenchgroup]
## set tb_simstatus_group [add_wave_group "Simulation Status" -into $tbinternalsiggroup]
## set tb_portdepth_group [add_wave_group "Port Depth" -into $tbinternalsiggroup]
## add_wave /apatb_fir_top/AUTOTB_TRANSACTION_NUM -into $tb_simstatus_group -radix hex
## add_wave /apatb_fir_top/ready_cnt -into $tb_simstatus_group -radix hex
## add_wave /apatb_fir_top/done_cnt -into $tb_simstatus_group -radix hex
## add_wave /apatb_fir_top/LENGTH_y -into $tb_portdepth_group -radix hex
## add_wave /apatb_fir_top/LENGTH_x -into $tb_portdepth_group -radix hex
## set tbcoutputgroup [add_wave_group "C Outputs" -into $testbenchgroup]
## set tb_y_group [add_wave_group y(wire) -into $tbcoutputgroup]
## add_wave /apatb_fir_top/y_ap_vld -into $tb_y_group -color #ffff00 -radix hex
## add_wave /apatb_fir_top/y -into $tb_y_group -radix hex
## set tbcinputgroup [add_wave_group "C Inputs" -into $testbenchgroup]
## set tb_x_group [add_wave_group x(wire) -into $tbcinputgroup]
## add_wave /apatb_fir_top/x -into $tb_x_group -radix hex
## save_wave_config fir.wcfg
## run all
////////////////////////////////////////////////////////////////////////////////////
// Inter-Transaction Progress: Completed Transaction / Total Transaction
// Intra-Transaction Progress: Measured Latency / Latency Estimation * 100%
//
// RTL Simulation : "Inter-Transaction Progress" ["Intra-Transaction Progress"] @ "Simulation Time"
////////////////////////////////////////////////////////////////////////////////////
// RTL Simulation : 0 / 600 [0.00%] @ "125000"
// RTL Simulation : 1 / 600 [100.00%] @ "545000"
// RTL Simulation : 2 / 600 [100.00%] @ "955000"
// RTL Simulation : 3 / 600 [100.00%] @ "1365000"
// RTL Simulation : 4 / 600 [100.00%] @ "1775000"
// RTL Simulation : 5 / 600 [100.00%] @ "2185000"
// RTL Simulation : 6 / 600 [100.00%] @ "2595000"
// RTL Simulation : 7 / 600 [100.00%] @ "3005000"
// RTL Simulation : 8 / 600 [100.00%] @ "3415000"
// RTL Simulation : 9 / 600 [100.00%] @ "3825000"
// RTL Simulation : 10 / 600 [100.00%] @ "4235000"
// RTL Simulation : 11 / 600 [100.00%] @ "4645000"
// RTL Simulation : 12 / 600 [100.00%] @ "5055000"
// RTL Simulation : 13 / 600 [100.00%] @ "5465000"
// RTL Simulation : 14 / 600 [100.00%] @ "5875000"
// RTL Simulation : 15 / 600 [100.00%] @ "6285000"
// RTL Simulation : 16 / 600 [100.00%] @ "6695000"
// RTL Simulation : 17 / 600 [100.00%] @ "7105000"
// RTL Simulation : 18 / 600 [100.00%] @ "7515000"
// RTL Simulation : 19 / 600 [100.00%] @ "7925000"
// RTL Simulation : 20 / 600 [100.00%] @ "8335000"
// RTL Simulation : 21 / 600 [100.00%] @ "8745000"
// RTL Simulation : 22 / 600 [100.00%] @ "9155000"
// RTL Simulation : 23 / 600 [100.00%] @ "9565000"
// RTL Simulation : 24 / 600 [100.00%] @ "9975000"
// RTL Simulation : 25 / 600 [100.00%] @ "10385000"
// RTL Simulation : 26 / 600 [100.00%] @ "10795000"
// RTL Simulation : 27 / 600 [100.00%] @ "11205000"
// RTL Simulation : 28 / 600 [100.00%] @ "11615000"
// RTL Simulation : 29 / 600 [100.00%] @ "12025000"
// RTL Simulation : 30 / 600 [100.00%] @ "12435000"
// RTL Simulation : 31 / 600 [100.00%] @ "12845000"
// RTL Simulation : 32 / 600 [100.00%] @ "13255000"
// RTL Simulation : 33 / 600 [100.00%] @ "13665000"
// RTL Simulation : 34 / 600 [100.00%] @ "14075000"
// RTL Simulation : 35 / 600 [100.00%] @ "14485000"
// RTL Simulation : 36 / 600 [100.00%] @ "14895000"
// RTL Simulation : 37 / 600 [100.00%] @ "15305000"
// RTL Simulation : 38 / 600 [100.00%] @ "15715000"
// RTL Simulation : 39 / 600 [100.00%] @ "16125000"
// RTL Simulation : 40 / 600 [100.00%] @ "16535000"
// RTL Simulation : 41 / 600 [100.00%] @ "16945000"
// RTL Simulation : 42 / 600 [100.00%] @ "17355000"
// RTL Simulation : 43 / 600 [100.00%] @ "17765000"
// RTL Simulation : 44 / 600 [100.00%] @ "18175000"
// RTL Simulation : 45 / 600 [100.00%] @ "18585000"
// RTL Simulation : 46 / 600 [100.00%] @ "18995000"
// RTL Simulation : 47 / 600 [100.00%] @ "19405000"
// RTL Simulation : 48 / 600 [100.00%] @ "19815000"
// RTL Simulation : 49 / 600 [100.00%] @ "20225000"
// RTL Simulation : 50 / 600 [100.00%] @ "20635000"
// RTL Simulation : 51 / 600 [100.00%] @ "21045000"
// RTL Simulation : 52 / 600 [100.00%] @ "21455000"
// RTL Simulation : 53 / 600 [100.00%] @ "21865000"
// RTL Simulation : 54 / 600 [100.00%] @ "22275000"
// RTL Simulation : 55 / 600 [100.00%] @ "22685000"
// RTL Simulation : 56 / 600 [100.00%] @ "23095000"
// RTL Simulation : 57 / 600 [100.00%] @ "23505000"
// RTL Simulation : 58 / 600 [100.00%] @ "23915000"
// RTL Simulation : 59 / 600 [100.00%] @ "24325000"
// RTL Simulation : 60 / 600 [100.00%] @ "24735000"
// RTL Simulation : 61 / 600 [100.00%] @ "25145000"
// RTL Simulation : 62 / 600 [100.00%] @ "25555000"
// RTL Simulation : 63 / 600 [100.00%] @ "25965000"
// RTL Simulation : 64 / 600 [100.00%] @ "26375000"
// RTL Simulation : 65 / 600 [100.00%] @ "26785000"
// RTL Simulation : 66 / 600 [100.00%] @ "27195000"
// RTL Simulation : 67 / 600 [100.00%] @ "27605000"
// RTL Simulation : 68 / 600 [100.00%] @ "28015000"
// RTL Simulation : 69 / 600 [100.00%] @ "28425000"
// RTL Simulation : 70 / 600 [100.00%] @ "28835000"
// RTL Simulation : 71 / 600 [100.00%] @ "29245000"
// RTL Simulation : 72 / 600 [100.00%] @ "29655000"
// RTL Simulation : 73 / 600 [100.00%] @ "30065000"
// RTL Simulation : 74 / 600 [100.00%] @ "30475000"
// RTL Simulation : 75 / 600 [100.00%] @ "30885000"
// RTL Simulation : 76 / 600 [100.00%] @ "31295000"
// RTL Simulation : 77 / 600 [100.00%] @ "31705000"
// RTL Simulation : 78 / 600 [100.00%] @ "32115000"
// RTL Simulation : 79 / 600 [100.00%] @ "32525000"
// RTL Simulation : 80 / 600 [100.00%] @ "32935000"
// RTL Simulation : 81 / 600 [100.00%] @ "33345000"
// RTL Simulation : 82 / 600 [100.00%] @ "33755000"
// RTL Simulation : 83 / 600 [100.00%] @ "34165000"
// RTL Simulation : 84 / 600 [100.00%] @ "34575000"
// RTL Simulation : 85 / 600 [100.00%] @ "34985000"
// RTL Simulation : 86 / 600 [100.00%] @ "35395000"
// RTL Simulation : 87 / 600 [100.00%] @ "35805000"
// RTL Simulation : 88 / 600 [100.00%] @ "36215000"
// RTL Simulation : 89 / 600 [100.00%] @ "36625000"
// RTL Simulation : 90 / 600 [100.00%] @ "37035000"
// RTL Simulation : 91 / 600 [100.00%] @ "37445000"
// RTL Simulation : 92 / 600 [100.00%] @ "37855000"
// RTL Simulation : 93 / 600 [100.00%] @ "38265000"
// RTL Simulation : 94 / 600 [100.00%] @ "38675000"
// RTL Simulation : 95 / 600 [100.00%] @ "39085000"
// RTL Simulation : 96 / 600 [100.00%] @ "39495000"
// RTL Simulation : 97 / 600 [100.00%] @ "39905000"
// RTL Simulation : 98 / 600 [100.00%] @ "40315000"
// RTL Simulation : 99 / 600 [100.00%] @ "40725000"
// RTL Simulation : 100 / 600 [100.00%] @ "41135000"
// RTL Simulation : 101 / 600 [100.00%] @ "41545000"
// RTL Simulation : 102 / 600 [100.00%] @ "41955000"
// RTL Simulation : 103 / 600 [100.00%] @ "42365000"
// RTL Simulation : 104 / 600 [100.00%] @ "42775000"
// RTL Simulation : 105 / 600 [100.00%] @ "43185000"
// RTL Simulation : 106 / 600 [100.00%] @ "43595000"
// RTL Simulation : 107 / 600 [100.00%] @ "44005000"
// RTL Simulation : 108 / 600 [100.00%] @ "44415000"
// RTL Simulation : 109 / 600 [100.00%] @ "44825000"
// RTL Simulation : 110 / 600 [100.00%] @ "45235000"
// RTL Simulation : 111 / 600 [100.00%] @ "45645000"
// RTL Simulation : 112 / 600 [100.00%] @ "46055000"
// RTL Simulation : 113 / 600 [100.00%] @ "46465000"
// RTL Simulation : 114 / 600 [100.00%] @ "46875000"
// RTL Simulation : 115 / 600 [100.00%] @ "47285000"
// RTL Simulation : 116 / 600 [100.00%] @ "47695000"
// RTL Simulation : 117 / 600 [100.00%] @ "48105000"
// RTL Simulation : 118 / 600 [100.00%] @ "48515000"
// RTL Simulation : 119 / 600 [100.00%] @ "48925000"
// RTL Simulation : 120 / 600 [100.00%] @ "49335000"
// RTL Simulation : 121 / 600 [100.00%] @ "49745000"
// RTL Simulation : 122 / 600 [100.00%] @ "50155000"
// RTL Simulation : 123 / 600 [100.00%] @ "50565000"
// RTL Simulation : 124 / 600 [100.00%] @ "50975000"
// RTL Simulation : 125 / 600 [100.00%] @ "51385000"
// RTL Simulation : 126 / 600 [100.00%] @ "51795000"
// RTL Simulation : 127 / 600 [100.00%] @ "52205000"
// RTL Simulation : 128 / 600 [100.00%] @ "52615000"
// RTL Simulation : 129 / 600 [100.00%] @ "53025000"
// RTL Simulation : 130 / 600 [100.00%] @ "53435000"
// RTL Simulation : 131 / 600 [100.00%] @ "53845000"
// RTL Simulation : 132 / 600 [100.00%] @ "54255000"
// RTL Simulation : 133 / 600 [100.00%] @ "54665000"
// RTL Simulation : 134 / 600 [100.00%] @ "55075000"
// RTL Simulation : 135 / 600 [100.00%] @ "55485000"
// RTL Simulation : 136 / 600 [100.00%] @ "55895000"
// RTL Simulation : 137 / 600 [100.00%] @ "56305000"
// RTL Simulation : 138 / 600 [100.00%] @ "56715000"
// RTL Simulation : 139 / 600 [100.00%] @ "57125000"
// RTL Simulation : 140 / 600 [100.00%] @ "57535000"
// RTL Simulation : 141 / 600 [100.00%] @ "57945000"
// RTL Simulation : 142 / 600 [100.00%] @ "58355000"
// RTL Simulation : 143 / 600 [100.00%] @ "58765000"
// RTL Simulation : 144 / 600 [100.00%] @ "59175000"
// RTL Simulation : 145 / 600 [100.00%] @ "59585000"
// RTL Simulation : 146 / 600 [100.00%] @ "59995000"
// RTL Simulation : 147 / 600 [100.00%] @ "60405000"
// RTL Simulation : 148 / 600 [100.00%] @ "60815000"
// RTL Simulation : 149 / 600 [100.00%] @ "61225000"
// RTL Simulation : 150 / 600 [100.00%] @ "61635000"
// RTL Simulation : 151 / 600 [100.00%] @ "62045000"
// RTL Simulation : 152 / 600 [100.00%] @ "62455000"
// RTL Simulation : 153 / 600 [100.00%] @ "62865000"
// RTL Simulation : 154 / 600 [100.00%] @ "63275000"
// RTL Simulation : 155 / 600 [100.00%] @ "63685000"
// RTL Simulation : 156 / 600 [100.00%] @ "64095000"
// RTL Simulation : 157 / 600 [100.00%] @ "64505000"
// RTL Simulation : 158 / 600 [100.00%] @ "64915000"
// RTL Simulation : 159 / 600 [100.00%] @ "65325000"
// RTL Simulation : 160 / 600 [100.00%] @ "65735000"
// RTL Simulation : 161 / 600 [100.00%] @ "66145000"
// RTL Simulation : 162 / 600 [100.00%] @ "66555000"
// RTL Simulation : 163 / 600 [100.00%] @ "66965000"
// RTL Simulation : 164 / 600 [100.00%] @ "67375000"
// RTL Simulation : 165 / 600 [100.00%] @ "67785000"
// RTL Simulation : 166 / 600 [100.00%] @ "68195000"
// RTL Simulation : 167 / 600 [100.00%] @ "68605000"
// RTL Simulation : 168 / 600 [100.00%] @ "69015000"
// RTL Simulation : 169 / 600 [100.00%] @ "69425000"
// RTL Simulation : 170 / 600 [100.00%] @ "69835000"
// RTL Simulation : 171 / 600 [100.00%] @ "70245000"
// RTL Simulation : 172 / 600 [100.00%] @ "70655000"
// RTL Simulation : 173 / 600 [100.00%] @ "71065000"
// RTL Simulation : 174 / 600 [100.00%] @ "71475000"
// RTL Simulation : 175 / 600 [100.00%] @ "71885000"
// RTL Simulation : 176 / 600 [100.00%] @ "72295000"
// RTL Simulation : 177 / 600 [100.00%] @ "72705000"
// RTL Simulation : 178 / 600 [100.00%] @ "73115000"
// RTL Simulation : 179 / 600 [100.00%] @ "73525000"
// RTL Simulation : 180 / 600 [100.00%] @ "73935000"
// RTL Simulation : 181 / 600 [100.00%] @ "74345000"
// RTL Simulation : 182 / 600 [100.00%] @ "74755000"
// RTL Simulation : 183 / 600 [100.00%] @ "75165000"
// RTL Simulation : 184 / 600 [100.00%] @ "75575000"
// RTL Simulation : 185 / 600 [100.00%] @ "75985000"
// RTL Simulation : 186 / 600 [100.00%] @ "76395000"
// RTL Simulation : 187 / 600 [100.00%] @ "76805000"
// RTL Simulation : 188 / 600 [100.00%] @ "77215000"
// RTL Simulation : 189 / 600 [100.00%] @ "77625000"
// RTL Simulation : 190 / 600 [100.00%] @ "78035000"
// RTL Simulation : 191 / 600 [100.00%] @ "78445000"
// RTL Simulation : 192 / 600 [100.00%] @ "78855000"
// RTL Simulation : 193 / 600 [100.00%] @ "79265000"
// RTL Simulation : 194 / 600 [100.00%] @ "79675000"
// RTL Simulation : 195 / 600 [100.00%] @ "80085000"
// RTL Simulation : 196 / 600 [100.00%] @ "80495000"
// RTL Simulation : 197 / 600 [100.00%] @ "80905000"
// RTL Simulation : 198 / 600 [100.00%] @ "81315000"
// RTL Simulation : 199 / 600 [100.00%] @ "81725000"
// RTL Simulation : 200 / 600 [100.00%] @ "82135000"
// RTL Simulation : 201 / 600 [100.00%] @ "82545000"
// RTL Simulation : 202 / 600 [100.00%] @ "82955000"
// RTL Simulation : 203 / 600 [100.00%] @ "83365000"
// RTL Simulation : 204 / 600 [100.00%] @ "83775000"
// RTL Simulation : 205 / 600 [100.00%] @ "84185000"
// RTL Simulation : 206 / 600 [100.00%] @ "84595000"
// RTL Simulation : 207 / 600 [100.00%] @ "85005000"
// RTL Simulation : 208 / 600 [100.00%] @ "85415000"
// RTL Simulation : 209 / 600 [100.00%] @ "85825000"
// RTL Simulation : 210 / 600 [100.00%] @ "86235000"
// RTL Simulation : 211 / 600 [100.00%] @ "86645000"
// RTL Simulation : 212 / 600 [100.00%] @ "87055000"
// RTL Simulation : 213 / 600 [100.00%] @ "87465000"
// RTL Simulation : 214 / 600 [100.00%] @ "87875000"
// RTL Simulation : 215 / 600 [100.00%] @ "88285000"
// RTL Simulation : 216 / 600 [100.00%] @ "88695000"
// RTL Simulation : 217 / 600 [100.00%] @ "89105000"
// RTL Simulation : 218 / 600 [100.00%] @ "89515000"
// RTL Simulation : 219 / 600 [100.00%] @ "89925000"
// RTL Simulation : 220 / 600 [100.00%] @ "90335000"
// RTL Simulation : 221 / 600 [100.00%] @ "90745000"
// RTL Simulation : 222 / 600 [100.00%] @ "91155000"
// RTL Simulation : 223 / 600 [100.00%] @ "91565000"
// RTL Simulation : 224 / 600 [100.00%] @ "91975000"
// RTL Simulation : 225 / 600 [100.00%] @ "92385000"
// RTL Simulation : 226 / 600 [100.00%] @ "92795000"
// RTL Simulation : 227 / 600 [100.00%] @ "93205000"
// RTL Simulation : 228 / 600 [100.00%] @ "93615000"
// RTL Simulation : 229 / 600 [100.00%] @ "94025000"
// RTL Simulation : 230 / 600 [100.00%] @ "94435000"
// RTL Simulation : 231 / 600 [100.00%] @ "94845000"
// RTL Simulation : 232 / 600 [100.00%] @ "95255000"
// RTL Simulation : 233 / 600 [100.00%] @ "95665000"
// RTL Simulation : 234 / 600 [100.00%] @ "96075000"
// RTL Simulation : 235 / 600 [100.00%] @ "96485000"
// RTL Simulation : 236 / 600 [100.00%] @ "96895000"
// RTL Simulation : 237 / 600 [100.00%] @ "97305000"
// RTL Simulation : 238 / 600 [100.00%] @ "97715000"
// RTL Simulation : 239 / 600 [100.00%] @ "98125000"
// RTL Simulation : 240 / 600 [100.00%] @ "98535000"
// RTL Simulation : 241 / 600 [100.00%] @ "98945000"
// RTL Simulation : 242 / 600 [100.00%] @ "99355000"
// RTL Simulation : 243 / 600 [100.00%] @ "99765000"
// RTL Simulation : 244 / 600 [100.00%] @ "100175000"
// RTL Simulation : 245 / 600 [100.00%] @ "100585000"
// RTL Simulation : 246 / 600 [100.00%] @ "100995000"
// RTL Simulation : 247 / 600 [100.00%] @ "101405000"
// RTL Simulation : 248 / 600 [100.00%] @ "101815000"
// RTL Simulation : 249 / 600 [100.00%] @ "102225000"
// RTL Simulation : 250 / 600 [100.00%] @ "102635000"
// RTL Simulation : 251 / 600 [100.00%] @ "103045000"
// RTL Simulation : 252 / 600 [100.00%] @ "103455000"
// RTL Simulation : 253 / 600 [100.00%] @ "103865000"
// RTL Simulation : 254 / 600 [100.00%] @ "104275000"
// RTL Simulation : 255 / 600 [100.00%] @ "104685000"
// RTL Simulation : 256 / 600 [100.00%] @ "105095000"
// RTL Simulation : 257 / 600 [100.00%] @ "105505000"
// RTL Simulation : 258 / 600 [100.00%] @ "105915000"
// RTL Simulation : 259 / 600 [100.00%] @ "106325000"
// RTL Simulation : 260 / 600 [100.00%] @ "106735000"
// RTL Simulation : 261 / 600 [100.00%] @ "107145000"
// RTL Simulation : 262 / 600 [100.00%] @ "107555000"
// RTL Simulation : 263 / 600 [100.00%] @ "107965000"
// RTL Simulation : 264 / 600 [100.00%] @ "108375000"
// RTL Simulation : 265 / 600 [100.00%] @ "108785000"
// RTL Simulation : 266 / 600 [100.00%] @ "109195000"
// RTL Simulation : 267 / 600 [100.00%] @ "109605000"
// RTL Simulation : 268 / 600 [100.00%] @ "110015000"
// RTL Simulation : 269 / 600 [100.00%] @ "110425000"
// RTL Simulation : 270 / 600 [100.00%] @ "110835000"
// RTL Simulation : 271 / 600 [100.00%] @ "111245000"
// RTL Simulation : 272 / 600 [100.00%] @ "111655000"
// RTL Simulation : 273 / 600 [100.00%] @ "112065000"
// RTL Simulation : 274 / 600 [100.00%] @ "112475000"
// RTL Simulation : 275 / 600 [100.00%] @ "112885000"
// RTL Simulation : 276 / 600 [100.00%] @ "113295000"
// RTL Simulation : 277 / 600 [100.00%] @ "113705000"
// RTL Simulation : 278 / 600 [100.00%] @ "114115000"
// RTL Simulation : 279 / 600 [100.00%] @ "114525000"
// RTL Simulation : 280 / 600 [100.00%] @ "114935000"
// RTL Simulation : 281 / 600 [100.00%] @ "115345000"
// RTL Simulation : 282 / 600 [100.00%] @ "115755000"
// RTL Simulation : 283 / 600 [100.00%] @ "116165000"
// RTL Simulation : 284 / 600 [100.00%] @ "116575000"
// RTL Simulation : 285 / 600 [100.00%] @ "116985000"
// RTL Simulation : 286 / 600 [100.00%] @ "117395000"
// RTL Simulation : 287 / 600 [100.00%] @ "117805000"
// RTL Simulation : 288 / 600 [100.00%] @ "118215000"
// RTL Simulation : 289 / 600 [100.00%] @ "118625000"
// RTL Simulation : 290 / 600 [100.00%] @ "119035000"
// RTL Simulation : 291 / 600 [100.00%] @ "119445000"
// RTL Simulation : 292 / 600 [100.00%] @ "119855000"
// RTL Simulation : 293 / 600 [100.00%] @ "120265000"
// RTL Simulation : 294 / 600 [100.00%] @ "120675000"
// RTL Simulation : 295 / 600 [100.00%] @ "121085000"
// RTL Simulation : 296 / 600 [100.00%] @ "121495000"
// RTL Simulation : 297 / 600 [100.00%] @ "121905000"
// RTL Simulation : 298 / 600 [100.00%] @ "122315000"
// RTL Simulation : 299 / 600 [100.00%] @ "122725000"
// RTL Simulation : 300 / 600 [100.00%] @ "123135000"
// RTL Simulation : 301 / 600 [100.00%] @ "123545000"
// RTL Simulation : 302 / 600 [100.00%] @ "123955000"
// RTL Simulation : 303 / 600 [100.00%] @ "124365000"
// RTL Simulation : 304 / 600 [100.00%] @ "124775000"
// RTL Simulation : 305 / 600 [100.00%] @ "125185000"
// RTL Simulation : 306 / 600 [100.00%] @ "125595000"
// RTL Simulation : 307 / 600 [100.00%] @ "126005000"
// RTL Simulation : 308 / 600 [100.00%] @ "126415000"
// RTL Simulation : 309 / 600 [100.00%] @ "126825000"
// RTL Simulation : 310 / 600 [100.00%] @ "127235000"
// RTL Simulation : 311 / 600 [100.00%] @ "127645000"
// RTL Simulation : 312 / 600 [100.00%] @ "128055000"
// RTL Simulation : 313 / 600 [100.00%] @ "128465000"
// RTL Simulation : 314 / 600 [100.00%] @ "128875000"
// RTL Simulation : 315 / 600 [100.00%] @ "129285000"
// RTL Simulation : 316 / 600 [100.00%] @ "129695000"
// RTL Simulation : 317 / 600 [100.00%] @ "130105000"
// RTL Simulation : 318 / 600 [100.00%] @ "130515000"
// RTL Simulation : 319 / 600 [100.00%] @ "130925000"
// RTL Simulation : 320 / 600 [100.00%] @ "131335000"
// RTL Simulation : 321 / 600 [100.00%] @ "131745000"
// RTL Simulation : 322 / 600 [100.00%] @ "132155000"
// RTL Simulation : 323 / 600 [100.00%] @ "132565000"
// RTL Simulation : 324 / 600 [100.00%] @ "132975000"
// RTL Simulation : 325 / 600 [100.00%] @ "133385000"
// RTL Simulation : 326 / 600 [100.00%] @ "133795000"
// RTL Simulation : 327 / 600 [100.00%] @ "134205000"
// RTL Simulation : 328 / 600 [100.00%] @ "134615000"
// RTL Simulation : 329 / 600 [100.00%] @ "135025000"
// RTL Simulation : 330 / 600 [100.00%] @ "135435000"
// RTL Simulation : 331 / 600 [100.00%] @ "135845000"
// RTL Simulation : 332 / 600 [100.00%] @ "136255000"
// RTL Simulation : 333 / 600 [100.00%] @ "136665000"
// RTL Simulation : 334 / 600 [100.00%] @ "137075000"
// RTL Simulation : 335 / 600 [100.00%] @ "137485000"
// RTL Simulation : 336 / 600 [100.00%] @ "137895000"
// RTL Simulation : 337 / 600 [100.00%] @ "138305000"
// RTL Simulation : 338 / 600 [100.00%] @ "138715000"
// RTL Simulation : 339 / 600 [100.00%] @ "139125000"
// RTL Simulation : 340 / 600 [100.00%] @ "139535000"
// RTL Simulation : 341 / 600 [100.00%] @ "139945000"
// RTL Simulation : 342 / 600 [100.00%] @ "140355000"
// RTL Simulation : 343 / 600 [100.00%] @ "140765000"
// RTL Simulation : 344 / 600 [100.00%] @ "141175000"
// RTL Simulation : 345 / 600 [100.00%] @ "141585000"
// RTL Simulation : 346 / 600 [100.00%] @ "141995000"
// RTL Simulation : 347 / 600 [100.00%] @ "142405000"
// RTL Simulation : 348 / 600 [100.00%] @ "142815000"
// RTL Simulation : 349 / 600 [100.00%] @ "143225000"
// RTL Simulation : 350 / 600 [100.00%] @ "143635000"
// RTL Simulation : 351 / 600 [100.00%] @ "144045000"
// RTL Simulation : 352 / 600 [100.00%] @ "144455000"
// RTL Simulation : 353 / 600 [100.00%] @ "144865000"
// RTL Simulation : 354 / 600 [100.00%] @ "145275000"
// RTL Simulation : 355 / 600 [100.00%] @ "145685000"
// RTL Simulation : 356 / 600 [100.00%] @ "146095000"
// RTL Simulation : 357 / 600 [100.00%] @ "146505000"
// RTL Simulation : 358 / 600 [100.00%] @ "146915000"
// RTL Simulation : 359 / 600 [100.00%] @ "147325000"
// RTL Simulation : 360 / 600 [100.00%] @ "147735000"
// RTL Simulation : 361 / 600 [100.00%] @ "148145000"
// RTL Simulation : 362 / 600 [100.00%] @ "148555000"
// RTL Simulation : 363 / 600 [100.00%] @ "148965000"
// RTL Simulation : 364 / 600 [100.00%] @ "149375000"
// RTL Simulation : 365 / 600 [100.00%] @ "149785000"
// RTL Simulation : 366 / 600 [100.00%] @ "150195000"
// RTL Simulation : 367 / 600 [100.00%] @ "150605000"
// RTL Simulation : 368 / 600 [100.00%] @ "151015000"
// RTL Simulation : 369 / 600 [100.00%] @ "151425000"
// RTL Simulation : 370 / 600 [100.00%] @ "151835000"
// RTL Simulation : 371 / 600 [100.00%] @ "152245000"
// RTL Simulation : 372 / 600 [100.00%] @ "152655000"
// RTL Simulation : 373 / 600 [100.00%] @ "153065000"
// RTL Simulation : 374 / 600 [100.00%] @ "153475000"
// RTL Simulation : 375 / 600 [100.00%] @ "153885000"
// RTL Simulation : 376 / 600 [100.00%] @ "154295000"
// RTL Simulation : 377 / 600 [100.00%] @ "154705000"
// RTL Simulation : 378 / 600 [100.00%] @ "155115000"
// RTL Simulation : 379 / 600 [100.00%] @ "155525000"
// RTL Simulation : 380 / 600 [100.00%] @ "155935000"
// RTL Simulation : 381 / 600 [100.00%] @ "156345000"
// RTL Simulation : 382 / 600 [100.00%] @ "156755000"
// RTL Simulation : 383 / 600 [100.00%] @ "157165000"
// RTL Simulation : 384 / 600 [100.00%] @ "157575000"
// RTL Simulation : 385 / 600 [100.00%] @ "157985000"
// RTL Simulation : 386 / 600 [100.00%] @ "158395000"
// RTL Simulation : 387 / 600 [100.00%] @ "158805000"
// RTL Simulation : 388 / 600 [100.00%] @ "159215000"
// RTL Simulation : 389 / 600 [100.00%] @ "159625000"
// RTL Simulation : 390 / 600 [100.00%] @ "160035000"
// RTL Simulation : 391 / 600 [100.00%] @ "160445000"
// RTL Simulation : 392 / 600 [100.00%] @ "160855000"
// RTL Simulation : 393 / 600 [100.00%] @ "161265000"
// RTL Simulation : 394 / 600 [100.00%] @ "161675000"
// RTL Simulation : 395 / 600 [100.00%] @ "162085000"
// RTL Simulation : 396 / 600 [100.00%] @ "162495000"
// RTL Simulation : 397 / 600 [100.00%] @ "162905000"
// RTL Simulation : 398 / 600 [100.00%] @ "163315000"
// RTL Simulation : 399 / 600 [100.00%] @ "163725000"
// RTL Simulation : 400 / 600 [100.00%] @ "164135000"
// RTL Simulation : 401 / 600 [100.00%] @ "164545000"
// RTL Simulation : 402 / 600 [100.00%] @ "164955000"
// RTL Simulation : 403 / 600 [100.00%] @ "165365000"
// RTL Simulation : 404 / 600 [100.00%] @ "165775000"
// RTL Simulation : 405 / 600 [100.00%] @ "166185000"
// RTL Simulation : 406 / 600 [100.00%] @ "166595000"
// RTL Simulation : 407 / 600 [100.00%] @ "167005000"
// RTL Simulation : 408 / 600 [100.00%] @ "167415000"
// RTL Simulation : 409 / 600 [100.00%] @ "167825000"
// RTL Simulation : 410 / 600 [100.00%] @ "168235000"
// RTL Simulation : 411 / 600 [100.00%] @ "168645000"
// RTL Simulation : 412 / 600 [100.00%] @ "169055000"
// RTL Simulation : 413 / 600 [100.00%] @ "169465000"
// RTL Simulation : 414 / 600 [100.00%] @ "169875000"
// RTL Simulation : 415 / 600 [100.00%] @ "170285000"
// RTL Simulation : 416 / 600 [100.00%] @ "170695000"
// RTL Simulation : 417 / 600 [100.00%] @ "171105000"
// RTL Simulation : 418 / 600 [100.00%] @ "171515000"
// RTL Simulation : 419 / 600 [100.00%] @ "171925000"
// RTL Simulation : 420 / 600 [100.00%] @ "172335000"
// RTL Simulation : 421 / 600 [100.00%] @ "172745000"
// RTL Simulation : 422 / 600 [100.00%] @ "173155000"
// RTL Simulation : 423 / 600 [100.00%] @ "173565000"
// RTL Simulation : 424 / 600 [100.00%] @ "173975000"
// RTL Simulation : 425 / 600 [100.00%] @ "174385000"
// RTL Simulation : 426 / 600 [100.00%] @ "174795000"
// RTL Simulation : 427 / 600 [100.00%] @ "175205000"
// RTL Simulation : 428 / 600 [100.00%] @ "175615000"
// RTL Simulation : 429 / 600 [100.00%] @ "176025000"
// RTL Simulation : 430 / 600 [100.00%] @ "176435000"
// RTL Simulation : 431 / 600 [100.00%] @ "176845000"
// RTL Simulation : 432 / 600 [100.00%] @ "177255000"
// RTL Simulation : 433 / 600 [100.00%] @ "177665000"
// RTL Simulation : 434 / 600 [100.00%] @ "178075000"
// RTL Simulation : 435 / 600 [100.00%] @ "178485000"
// RTL Simulation : 436 / 600 [100.00%] @ "178895000"
// RTL Simulation : 437 / 600 [100.00%] @ "179305000"
// RTL Simulation : 438 / 600 [100.00%] @ "179715000"
// RTL Simulation : 439 / 600 [100.00%] @ "180125000"
// RTL Simulation : 440 / 600 [100.00%] @ "180535000"
// RTL Simulation : 441 / 600 [100.00%] @ "180945000"
// RTL Simulation : 442 / 600 [100.00%] @ "181355000"
// RTL Simulation : 443 / 600 [100.00%] @ "181765000"
// RTL Simulation : 444 / 600 [100.00%] @ "182175000"
// RTL Simulation : 445 / 600 [100.00%] @ "182585000"
// RTL Simulation : 446 / 600 [100.00%] @ "182995000"
// RTL Simulation : 447 / 600 [100.00%] @ "183405000"
// RTL Simulation : 448 / 600 [100.00%] @ "183815000"
// RTL Simulation : 449 / 600 [100.00%] @ "184225000"
// RTL Simulation : 450 / 600 [100.00%] @ "184635000"
// RTL Simulation : 451 / 600 [100.00%] @ "185045000"
// RTL Simulation : 452 / 600 [100.00%] @ "185455000"
// RTL Simulation : 453 / 600 [100.00%] @ "185865000"
// RTL Simulation : 454 / 600 [100.00%] @ "186275000"
// RTL Simulation : 455 / 600 [100.00%] @ "186685000"
// RTL Simulation : 456 / 600 [100.00%] @ "187095000"
// RTL Simulation : 457 / 600 [100.00%] @ "187505000"
// RTL Simulation : 458 / 600 [100.00%] @ "187915000"
// RTL Simulation : 459 / 600 [100.00%] @ "188325000"
// RTL Simulation : 460 / 600 [100.00%] @ "188735000"
// RTL Simulation : 461 / 600 [100.00%] @ "189145000"
// RTL Simulation : 462 / 600 [100.00%] @ "189555000"
// RTL Simulation : 463 / 600 [100.00%] @ "189965000"
// RTL Simulation : 464 / 600 [100.00%] @ "190375000"
// RTL Simulation : 465 / 600 [100.00%] @ "190785000"
// RTL Simulation : 466 / 600 [100.00%] @ "191195000"
// RTL Simulation : 467 / 600 [100.00%] @ "191605000"
// RTL Simulation : 468 / 600 [100.00%] @ "192015000"
// RTL Simulation : 469 / 600 [100.00%] @ "192425000"
// RTL Simulation : 470 / 600 [100.00%] @ "192835000"
// RTL Simulation : 471 / 600 [100.00%] @ "193245000"
// RTL Simulation : 472 / 600 [100.00%] @ "193655000"
// RTL Simulation : 473 / 600 [100.00%] @ "194065000"
// RTL Simulation : 474 / 600 [100.00%] @ "194475000"
// RTL Simulation : 475 / 600 [100.00%] @ "194885000"
// RTL Simulation : 476 / 600 [100.00%] @ "195295000"
// RTL Simulation : 477 / 600 [100.00%] @ "195705000"
// RTL Simulation : 478 / 600 [100.00%] @ "196115000"
// RTL Simulation : 479 / 600 [100.00%] @ "196525000"
// RTL Simulation : 480 / 600 [100.00%] @ "196935000"
// RTL Simulation : 481 / 600 [100.00%] @ "197345000"
// RTL Simulation : 482 / 600 [100.00%] @ "197755000"
// RTL Simulation : 483 / 600 [100.00%] @ "198165000"
// RTL Simulation : 484 / 600 [100.00%] @ "198575000"
// RTL Simulation : 485 / 600 [100.00%] @ "198985000"
// RTL Simulation : 486 / 600 [100.00%] @ "199395000"
// RTL Simulation : 487 / 600 [100.00%] @ "199805000"
// RTL Simulation : 488 / 600 [100.00%] @ "200215000"
// RTL Simulation : 489 / 600 [100.00%] @ "200625000"
// RTL Simulation : 490 / 600 [100.00%] @ "201035000"
// RTL Simulation : 491 / 600 [100.00%] @ "201445000"
// RTL Simulation : 492 / 600 [100.00%] @ "201855000"
// RTL Simulation : 493 / 600 [100.00%] @ "202265000"
// RTL Simulation : 494 / 600 [100.00%] @ "202675000"
// RTL Simulation : 495 / 600 [100.00%] @ "203085000"
// RTL Simulation : 496 / 600 [100.00%] @ "203495000"
// RTL Simulation : 497 / 600 [100.00%] @ "203905000"
// RTL Simulation : 498 / 600 [100.00%] @ "204315000"
// RTL Simulation : 499 / 600 [100.00%] @ "204725000"
// RTL Simulation : 500 / 600 [100.00%] @ "205135000"
// RTL Simulation : 501 / 600 [100.00%] @ "205545000"
// RTL Simulation : 502 / 600 [100.00%] @ "205955000"
// RTL Simulation : 503 / 600 [100.00%] @ "206365000"
// RTL Simulation : 504 / 600 [100.00%] @ "206775000"
// RTL Simulation : 505 / 600 [100.00%] @ "207185000"
// RTL Simulation : 506 / 600 [100.00%] @ "207595000"
// RTL Simulation : 507 / 600 [100.00%] @ "208005000"
// RTL Simulation : 508 / 600 [100.00%] @ "208415000"
// RTL Simulation : 509 / 600 [100.00%] @ "208825000"
// RTL Simulation : 510 / 600 [100.00%] @ "209235000"
// RTL Simulation : 511 / 600 [100.00%] @ "209645000"
// RTL Simulation : 512 / 600 [100.00%] @ "210055000"
// RTL Simulation : 513 / 600 [100.00%] @ "210465000"
// RTL Simulation : 514 / 600 [100.00%] @ "210875000"
// RTL Simulation : 515 / 600 [100.00%] @ "211285000"
// RTL Simulation : 516 / 600 [100.00%] @ "211695000"
// RTL Simulation : 517 / 600 [100.00%] @ "212105000"
// RTL Simulation : 518 / 600 [100.00%] @ "212515000"
// RTL Simulation : 519 / 600 [100.00%] @ "212925000"
// RTL Simulation : 520 / 600 [100.00%] @ "213335000"
// RTL Simulation : 521 / 600 [100.00%] @ "213745000"
// RTL Simulation : 522 / 600 [100.00%] @ "214155000"
// RTL Simulation : 523 / 600 [100.00%] @ "214565000"
// RTL Simulation : 524 / 600 [100.00%] @ "214975000"
// RTL Simulation : 525 / 600 [100.00%] @ "215385000"
// RTL Simulation : 526 / 600 [100.00%] @ "215795000"
// RTL Simulation : 527 / 600 [100.00%] @ "216205000"
// RTL Simulation : 528 / 600 [100.00%] @ "216615000"
// RTL Simulation : 529 / 600 [100.00%] @ "217025000"
// RTL Simulation : 530 / 600 [100.00%] @ "217435000"
// RTL Simulation : 531 / 600 [100.00%] @ "217845000"
// RTL Simulation : 532 / 600 [100.00%] @ "218255000"
// RTL Simulation : 533 / 600 [100.00%] @ "218665000"
// RTL Simulation : 534 / 600 [100.00%] @ "219075000"
// RTL Simulation : 535 / 600 [100.00%] @ "219485000"
// RTL Simulation : 536 / 600 [100.00%] @ "219895000"
// RTL Simulation : 537 / 600 [100.00%] @ "220305000"
// RTL Simulation : 538 / 600 [100.00%] @ "220715000"
// RTL Simulation : 539 / 600 [100.00%] @ "221125000"
// RTL Simulation : 540 / 600 [100.00%] @ "221535000"
// RTL Simulation : 541 / 600 [100.00%] @ "221945000"
// RTL Simulation : 542 / 600 [100.00%] @ "222355000"
// RTL Simulation : 543 / 600 [100.00%] @ "222765000"
// RTL Simulation : 544 / 600 [100.00%] @ "223175000"
// RTL Simulation : 545 / 600 [100.00%] @ "223585000"
// RTL Simulation : 546 / 600 [100.00%] @ "223995000"
// RTL Simulation : 547 / 600 [100.00%] @ "224405000"
// RTL Simulation : 548 / 600 [100.00%] @ "224815000"
// RTL Simulation : 549 / 600 [100.00%] @ "225225000"
// RTL Simulation : 550 / 600 [100.00%] @ "225635000"
// RTL Simulation : 551 / 600 [100.00%] @ "226045000"
// RTL Simulation : 552 / 600 [100.00%] @ "226455000"
// RTL Simulation : 553 / 600 [100.00%] @ "226865000"
// RTL Simulation : 554 / 600 [100.00%] @ "227275000"
// RTL Simulation : 555 / 600 [100.00%] @ "227685000"
// RTL Simulation : 556 / 600 [100.00%] @ "228095000"
// RTL Simulation : 557 / 600 [100.00%] @ "228505000"
// RTL Simulation : 558 / 600 [100.00%] @ "228915000"
// RTL Simulation : 559 / 600 [100.00%] @ "229325000"
// RTL Simulation : 560 / 600 [100.00%] @ "229735000"
// RTL Simulation : 561 / 600 [100.00%] @ "230145000"
// RTL Simulation : 562 / 600 [100.00%] @ "230555000"
// RTL Simulation : 563 / 600 [100.00%] @ "230965000"
// RTL Simulation : 564 / 600 [100.00%] @ "231375000"
// RTL Simulation : 565 / 600 [100.00%] @ "231785000"
// RTL Simulation : 566 / 600 [100.00%] @ "232195000"
// RTL Simulation : 567 / 600 [100.00%] @ "232605000"
// RTL Simulation : 568 / 600 [100.00%] @ "233015000"
// RTL Simulation : 569 / 600 [100.00%] @ "233425000"
// RTL Simulation : 570 / 600 [100.00%] @ "233835000"
// RTL Simulation : 571 / 600 [100.00%] @ "234245000"
// RTL Simulation : 572 / 600 [100.00%] @ "234655000"
// RTL Simulation : 573 / 600 [100.00%] @ "235065000"
// RTL Simulation : 574 / 600 [100.00%] @ "235475000"
// RTL Simulation : 575 / 600 [100.00%] @ "235885000"
// RTL Simulation : 576 / 600 [100.00%] @ "236295000"
// RTL Simulation : 577 / 600 [100.00%] @ "236705000"
// RTL Simulation : 578 / 600 [100.00%] @ "237115000"
// RTL Simulation : 579 / 600 [100.00%] @ "237525000"
// RTL Simulation : 580 / 600 [100.00%] @ "237935000"
// RTL Simulation : 581 / 600 [100.00%] @ "238345000"
// RTL Simulation : 582 / 600 [100.00%] @ "238755000"
// RTL Simulation : 583 / 600 [100.00%] @ "239165000"
// RTL Simulation : 584 / 600 [100.00%] @ "239575000"
// RTL Simulation : 585 / 600 [100.00%] @ "239985000"
// RTL Simulation : 586 / 600 [100.00%] @ "240395000"
// RTL Simulation : 587 / 600 [100.00%] @ "240805000"
// RTL Simulation : 588 / 600 [100.00%] @ "241215000"
// RTL Simulation : 589 / 600 [100.00%] @ "241625000"
// RTL Simulation : 590 / 600 [100.00%] @ "242035000"
// RTL Simulation : 591 / 600 [100.00%] @ "242445000"
// RTL Simulation : 592 / 600 [100.00%] @ "242855000"
// RTL Simulation : 593 / 600 [100.00%] @ "243265000"
// RTL Simulation : 594 / 600 [100.00%] @ "243675000"
// RTL Simulation : 595 / 600 [100.00%] @ "244085000"
// RTL Simulation : 596 / 600 [100.00%] @ "244495000"
// RTL Simulation : 597 / 600 [100.00%] @ "244905000"
// RTL Simulation : 598 / 600 [100.00%] @ "245315000"
// RTL Simulation : 599 / 600 [100.00%] @ "245725000"
// RTL Simulation : 600 / 600 [100.00%] @ "246135000"
////////////////////////////////////////////////////////////////////////////////////
$finish called at time : 246175 ns : File "E:/Tapped_FIR/Tapped_fir/solution1/sim/verilog/fir.autotb.v" Line 282
## quit
INFO: [Common 17-206] Exiting xsim at Fri Feb 21 11:30:07 2025...
